===== SP15 506 BUS BASED CACHE Configuration =====
L1_SIZE:		32768
L1_ASSOC:		8
L1_BLOCKSIZE:		64
NUMBER OF PROCESSORS:	4
COHERENCE PROTOCOL:	MOSI 
TRACE FILE:		canneal.04t.longTrace
============ Simulation results (Cache 0) ============ 
1 . number of reads:                      112661
2 . number of read misses:                6361
3 . number of writes:                     11942
4 . number of write misses:               39
5 . total miss rate:                      0.051363
6 . number of writebacks:                 550
7 . number of I2E                         0
8 . number of I2S                         6361
9 . number of M2S                         0
10. number of E2S                         0
11. number of S2M                         627
12. number of I2M                         39
13. number of E2M                         0
14. number of O2M                         50
15. number of M2O                         52
16. number of memory transactions:        6762
17. number of cache-to-cache transfers:   188
18. number of interventions:              52
19. number of invalidations:              2014
20. number of flushes:                    197
21. number of BusRds issued:              6361
22. number of BusRdXs issued:             39
23. number of BusUpgrs issued:            677
============ Simulation results (Cache 1) ============ 
1 . number of reads:                      110830
2 . number of read misses:                6391
3 . number of writes:                     11710
4 . number of write misses:               41
5 . total miss rate:                      0.052489
6 . number of writebacks:                 548
7 . number of I2E                         0
8 . number of I2S                         6391
9 . number of M2S                         0
10. number of E2S                         0
11. number of S2M                         619
12. number of I2M                         41
13. number of E2M                         0
14. number of O2M                         40
15. number of M2O                         42
16. number of memory transactions:        6783
17. number of cache-to-cache transfers:   197
18. number of interventions:              42
19. number of invalidations:              2034
20. number of flushes:                    169
21. number of BusRds issued:              6391
22. number of BusRdXs issued:             41
23. number of BusUpgrs issued:            659
============ Simulation results (Cache 2) ============ 
1 . number of reads:                      114938
2 . number of read misses:                6382
3 . number of writes:                     12383
4 . number of write misses:               42
5 . total miss rate:                      0.050455
6 . number of writebacks:                 549
7 . number of I2E                         0
8 . number of I2S                         6382
9 . number of M2S                         0
10. number of E2S                         0
11. number of S2M                         625
12. number of I2M                         42
13. number of E2M                         0
14. number of O2M                         58
15. number of M2O                         67
16. number of memory transactions:        6796
17. number of cache-to-cache transfers:   177
18. number of interventions:              67
19. number of invalidations:              2008
20. number of flushes:                    228
21. number of BusRds issued:              6382
22. number of BusRdXs issued:             42
23. number of BusUpgrs issued:            683
============ Simulation results (Cache 3) ============ 
1 . number of reads:                      113428
2 . number of read misses:                6404
3 . number of writes:                     12108
4 . number of write misses:               39
5 . total miss rate:                      0.051324
6 . number of writebacks:                 561
7 . number of I2E                         0
8 . number of I2S                         6404
9 . number of M2S                         0
10. number of E2S                         0
11. number of S2M                         636
12. number of I2M                         39
13. number of E2M                         0
14. number of O2M                         39
15. number of M2O                         60
16. number of memory transactions:        6807
17. number of cache-to-cache transfers:   197
18. number of interventions:              60
19. number of invalidations:              2020
20. number of flushes:                    165
21. number of BusRds issued:              6404
22. number of BusRdXs issued:             39
23. number of BusUpgrs issued:            675
