===== SP15 506 BUS BASED CACHE Configuration =====
L1_SIZE:		262144
L1_ASSOC:		8
L1_BLOCKSIZE:		64
NUMBER OF PROCESSORS:	4
COHERENCE PROTOCOL:	MOSI 
TRACE FILE:		canneal.04t.longTrace
============ Simulation results (Cache 0) ============ 
1 . number of reads:                      112661
2 . number of read misses:                5775
3 . number of writes:                     11942
4 . number of write misses:               39
5 . total miss rate:                      0.046660
6 . number of writebacks:                 141
7 . number of I2E                         0
8 . number of I2S                         5775
9 . number of M2S                         0
10. number of E2S                         0
11. number of S2M                         624
12. number of I2M                         39
13. number of E2M                         0
14. number of O2M                         53
15. number of M2O                         68
16. number of memory transactions:        5745
17. number of cache-to-cache transfers:   210
18. number of interventions:              68
19. number of invalidations:              2014
20. number of flushes:                    245
21. number of BusRds issued:              5775
22. number of BusRdXs issued:             39
23. number of BusUpgrs issued:            677
============ Simulation results (Cache 1) ============ 
1 . number of reads:                      110830
2 . number of read misses:                5805
3 . number of writes:                     11710
4 . number of write misses:               41
5 . total miss rate:                      0.047707
6 . number of writebacks:                 143
7 . number of I2E                         0
8 . number of I2S                         5805
9 . number of M2S                         0
10. number of E2S                         0
11. number of S2M                         617
12. number of I2M                         41
13. number of E2M                         0
14. number of O2M                         42
15. number of M2O                         47
16. number of memory transactions:        5759
17. number of cache-to-cache transfers:   230
18. number of interventions:              47
19. number of invalidations:              2034
20. number of flushes:                    184
21. number of BusRds issued:              5805
22. number of BusRdXs issued:             41
23. number of BusUpgrs issued:            659
============ Simulation results (Cache 2) ============ 
1 . number of reads:                      114938
2 . number of read misses:                5771
3 . number of writes:                     12383
4 . number of write misses:               42
5 . total miss rate:                      0.045656
6 . number of writebacks:                 158
7 . number of I2E                         0
8 . number of I2S                         5771
9 . number of M2S                         0
10. number of E2S                         0
11. number of S2M                         618
12. number of I2M                         42
13. number of E2M                         0
14. number of O2M                         65
15. number of M2O                         81
16. number of memory transactions:        5770
17. number of cache-to-cache transfers:   201
18. number of interventions:              81
19. number of invalidations:              2008
20. number of flushes:                    270
21. number of BusRds issued:              5771
22. number of BusRdXs issued:             42
23. number of BusUpgrs issued:            683
============ Simulation results (Cache 3) ============ 
1 . number of reads:                      113428
2 . number of read misses:                5813
3 . number of writes:                     12108
4 . number of write misses:               39
5 . total miss rate:                      0.046616
6 . number of writebacks:                 146
7 . number of I2E                         0
8 . number of I2S                         5813
9 . number of M2S                         0
10. number of E2S                         0
11. number of S2M                         634
12. number of I2M                         39
13. number of E2M                         0
14. number of O2M                         41
15. number of M2O                         63
16. number of memory transactions:        5766
17. number of cache-to-cache transfers:   232
18. number of interventions:              63
19. number of invalidations:              2020
20. number of flushes:                    174
21. number of BusRds issued:              5813
22. number of BusRdXs issued:             39
23. number of BusUpgrs issued:            675
