===== SP15 506 BUS BASED CACHE Configuration =====
L1_SIZE:		32768
L1_ASSOC:		8
L1_BLOCKSIZE:		64
NUMBER OF PROCESSORS:	4
COHERENCE PROTOCOL:	MSI 
TRACE FILE:		canneal.04t.longTrace
============ Simulation results (Cache 0) ============ 
1 . number of reads:                      112661
2 . number of read misses:                6361
3 . number of writes:                     11942
4 . number of write misses:               39
5 . total miss rate:                      0.051363
6 . number of writebacks:                 647
7 . number of I2E                         0
8 . number of I2S                         6361
9 . number of M2S                         52
10. number of E2S                         0
11. number of S2M                         677
12. number of I2M                         39
13. number of E2M                         0
14. number of O2M                         0
15. number of M2O                         0
16. number of memory transactions:        7724
17. number of cache-to-cache transfers:   0
18. number of interventions:              0
19. number of invalidations:              2014
20. number of flushes:                    97
21. number of BusRds issued:              6361
22. number of BusRdXs issued:             716
23. number of BusUpgrs issued:            0
============ Simulation results (Cache 1) ============ 
1 . number of reads:                      110830
2 . number of read misses:                6391
3 . number of writes:                     11710
4 . number of write misses:               41
5 . total miss rate:                      0.052489
6 . number of writebacks:                 635
7 . number of I2E                         0
8 . number of I2S                         6391
9 . number of M2S                         42
10. number of E2S                         0
11. number of S2M                         659
12. number of I2M                         41
13. number of E2M                         0
14. number of O2M                         0
15. number of M2O                         0
16. number of memory transactions:        7726
17. number of cache-to-cache transfers:   0
18. number of interventions:              0
19. number of invalidations:              2034
20. number of flushes:                    87
21. number of BusRds issued:              6391
22. number of BusRdXs issued:             700
23. number of BusUpgrs issued:            0
============ Simulation results (Cache 2) ============ 
1 . number of reads:                      114938
2 . number of read misses:                6382
3 . number of writes:                     12383
4 . number of write misses:               42
5 . total miss rate:                      0.050455
6 . number of writebacks:                 655
7 . number of I2E                         0
8 . number of I2S                         6382
9 . number of M2S                         67
10. number of E2S                         0
11. number of S2M                         683
12. number of I2M                         42
13. number of E2M                         0
14. number of O2M                         0
15. number of M2O                         0
16. number of memory transactions:        7762
17. number of cache-to-cache transfers:   0
18. number of interventions:              0
19. number of invalidations:              2008
20. number of flushes:                    106
21. number of BusRds issued:              6382
22. number of BusRdXs issued:             725
23. number of BusUpgrs issued:            0
============ Simulation results (Cache 3) ============ 
1 . number of reads:                      113428
2 . number of read misses:                6404
3 . number of writes:                     12108
4 . number of write misses:               39
5 . total miss rate:                      0.051324
6 . number of writebacks:                 646
7 . number of I2E                         0
8 . number of I2S                         6404
9 . number of M2S                         60
10. number of E2S                         0
11. number of S2M                         675
12. number of I2M                         39
13. number of E2M                         0
14. number of O2M                         0
15. number of M2O                         0
16. number of memory transactions:        7764
17. number of cache-to-cache transfers:   0
18. number of interventions:              0
19. number of invalidations:              2020
20. number of flushes:                    85
21. number of BusRds issued:              6404
22. number of BusRdXs issued:             714
23. number of BusUpgrs issued:            0
